<?xml version="1.0" encoding="UTF-8"?>
<!-- Generated by org.testng.reporters.JUnitReportReporter -->
<testsuite skipped="0" hostname="DESKTOP-GU9JOVN" name="schleuniger.testcases.Test_Class" tests="1" failures="0" timestamp="07 лют. 2018 08:53:50 GMT" time="36.989" errors="0">
  <testcase name="createProduct" time="36.989" classname="schleuniger.testcases.Test_Class"/>
</testsuite> <!-- schleuniger.testcases.Test_Class -->
